Flow report for max_10_board_top
Sat Jan 20 01:31:22 2018
Quartus Prime Version 17.0.0 Build 595 04/25/2017 SJ Lite Edition


---------------------
; Table of Contents ;
---------------------
  1. Legal Notice
  2. Flow Summary
  3. Flow Settings
  4. Flow Non-Default Global Settings
  5. Flow Elapsed Time
  6. Flow OS Summary
  7. Flow Log
  8. Flow Messages
  9. Flow Suppressed Messages



----------------
; Legal Notice ;
----------------
Copyright (C) 2017  Intel Corporation. All rights reserved.
Your use of Intel Corporation's design tools, logic functions 
and other software and tools, and its AMPP partner logic 
functions, and any output files from any of the foregoing 
(including device programming or simulation files), and any 
associated documentation or information are expressly subject 
to the terms and conditions of the Intel Program License 
Subscription Agreement, the Intel Quartus Prime License Agreement,
the Intel MegaCore Function License Agreement, or other 
applicable license agreement, including, without limitation, 
that your use is for the sole purpose of programming logic 
devices manufactured by Intel and sold by Intel or its 
authorized distributors.  Please refer to the applicable 
agreement for further details.



+----------------------------------------------------------------------------------+
; Flow Summary                                                                     ;
+------------------------------------+---------------------------------------------+
; Flow Status                        ; Successful - Sat Jan 20 01:31:22 2018       ;
; Quartus Prime Version              ; 17.0.0 Build 595 04/25/2017 SJ Lite Edition ;
; Revision Name                      ; max_10_board_top                            ;
; Top-level Entity Name              ; HEX_COUNTER                                 ;
; Family                             ; MAX 10                                      ;
; Device                             ; 10M02SCE144C8G                              ;
; Timing Models                      ; Final                                       ;
; Total logic elements               ; 76 / 2,304 ( 3 % )                          ;
;     Total combinational functions  ; 74 / 2,304 ( 3 % )                          ;
;     Dedicated logic registers      ; 38 / 2,304 ( 2 % )                          ;
; Total registers                    ; 38                                          ;
; Total pins                         ; 18 / 101 ( 18 % )                           ;
; Total virtual pins                 ; 0                                           ;
; Total memory bits                  ; 0 / 110,592 ( 0 % )                         ;
; Embedded Multiplier 9-bit elements ; 0 / 32 ( 0 % )                              ;
; Total PLLs                         ; 0 / 1 ( 0 % )                               ;
; UFM blocks                         ; 0 / 1 ( 0 % )                               ;
; ADC blocks                         ; 0                                           ;
+------------------------------------+---------------------------------------------+


+-----------------------------------------+
; Flow Settings                           ;
+-------------------+---------------------+
; Option            ; Setting             ;
+-------------------+---------------------+
; Start date & time ; 01/20/2018 01:30:53 ;
; Main task         ; Compilation         ;
; Revision Name     ; max_10_board_top    ;
+-------------------+---------------------+


+--------------------------------------------------------------------------------------------------------------------------------+
; Flow Non-Default Global Settings                                                                                               ;
+-------------------------------------+----------------------------------------+------------------+-------------+----------------+
; Assignment Name                     ; Value                                  ; Default Value    ; Entity Name ; Section Id     ;
+-------------------------------------+----------------------------------------+------------------+-------------+----------------+
; COMPILER_SIGNATURE_ID               ; 163671700961285.151639205344868        ; --               ; --          ; --             ;
; EDA_OUTPUT_DATA_FORMAT              ; Verilog Hdl                            ; --               ; --          ; eda_simulation ;
; EDA_SIMULATION_TOOL                 ; ModelSim-Altera (Verilog)              ; <None>           ; --          ; --             ;
; EDA_TIME_SCALE                      ; 1 ps                                   ; --               ; --          ; eda_simulation ;
; FLOW_ENABLE_POWER_ANALYZER          ; On                                     ; Off              ; --          ; --             ;
; IOBANK_VCCIO                        ; 3.3V                                   ; --               ; --          ; 2              ;
; IOBANK_VCCIO                        ; 3.3V                                   ; --               ; --          ; 3              ;
; IOBANK_VCCIO                        ; 3.3V                                   ; --               ; --          ; 5              ;
; IOBANK_VCCIO                        ; 3.3V                                   ; --               ; --          ; 6              ;
; IOBANK_VCCIO                        ; 3.3V                                   ; --               ; --          ; 8              ;
; MAX_CORE_JUNCTION_TEMP              ; 85                                     ; --               ; --          ; --             ;
; MIN_CORE_JUNCTION_TEMP              ; 0                                      ; --               ; --          ; --             ;
; OUTPUT_IO_TIMING_FAR_END_VMEAS      ; Half Signal Swing                      ; --               ; --          ; --             ;
; OUTPUT_IO_TIMING_FAR_END_VMEAS      ; Half Signal Swing                      ; --               ; --          ; --             ;
; OUTPUT_IO_TIMING_NEAR_END_VMEAS     ; Half Vccio                             ; --               ; --          ; --             ;
; OUTPUT_IO_TIMING_NEAR_END_VMEAS     ; Half Vccio                             ; --               ; --          ; --             ;
; PARTITION_COLOR                     ; -- (Not supported for targeted family) ; --               ; HEX_COUNTER ; Top            ;
; PARTITION_FITTER_PRESERVATION_LEVEL ; -- (Not supported for targeted family) ; --               ; HEX_COUNTER ; Top            ;
; PARTITION_NETLIST_TYPE              ; -- (Not supported for targeted family) ; --               ; HEX_COUNTER ; Top            ;
; POWER_BOARD_THERMAL_MODEL           ; None (CONSERVATIVE)                    ; --               ; --          ; --             ;
; POWER_DEFAULT_INPUT_IO_TOGGLE_RATE  ; 12.5 %                                 ; 12.5%            ; --          ; --             ;
; POWER_PRESET_COOLING_SOLUTION       ; 23 MM HEAT SINK WITH 200 LFPM AIRFLOW  ; --               ; --          ; --             ;
; PROJECT_OUTPUT_DIRECTORY            ; output_files                           ; --               ; --          ; --             ;
; TOP_LEVEL_ENTITY                    ; HEX_COUNTER                            ; max_10_board_top ; --          ; --             ;
+-------------------------------------+----------------------------------------+------------------+-------------+----------------+


+-------------------------------------------------------------------------------------------------------------------------------+
; Flow Elapsed Time                                                                                                             ;
+---------------------------+--------------+-------------------------+---------------------+------------------------------------+
; Module Name               ; Elapsed Time ; Average Processors Used ; Peak Virtual Memory ; Total CPU Time (on all processors) ;
+---------------------------+--------------+-------------------------+---------------------+------------------------------------+
; Analysis & Synthesis      ; 00:00:14     ; 1.0                     ; 660 MB              ; 00:00:32                           ;
; Fitter                    ; 00:00:05     ; 1.1                     ; 1369 MB             ; 00:00:06                           ;
; Assembler                 ; 00:00:01     ; 1.0                     ; 550 MB              ; 00:00:01                           ;
; PowerPlay Power Analyzer  ; 00:00:02     ; 1.1                     ; 668 MB              ; 00:00:02                           ;
; TimeQuest Timing Analyzer ; 00:00:03     ; 1.0                     ; 634 MB              ; 00:00:02                           ;
; EDA Netlist Writer        ; 00:00:01     ; 1.0                     ; 508 MB              ; 00:00:01                           ;
; Total                     ; 00:00:26     ; --                      ; --                  ; 00:00:44                           ;
+---------------------------+--------------+-------------------------+---------------------+------------------------------------+


+----------------------------------------------------------------------------------------+
; Flow OS Summary                                                                        ;
+---------------------------+------------------+-----------+------------+----------------+
; Module Name               ; Machine Hostname ; OS Name   ; OS Version ; Processor type ;
+---------------------------+------------------+-----------+------------+----------------+
; Analysis & Synthesis      ; thoi-PC          ; Windows 7 ; 6.1        ; x86_64         ;
; Fitter                    ; thoi-PC          ; Windows 7 ; 6.1        ; x86_64         ;
; Assembler                 ; thoi-PC          ; Windows 7 ; 6.1        ; x86_64         ;
; PowerPlay Power Analyzer  ; thoi-PC          ; Windows 7 ; 6.1        ; x86_64         ;
; TimeQuest Timing Analyzer ; thoi-PC          ; Windows 7 ; 6.1        ; x86_64         ;
; EDA Netlist Writer        ; thoi-PC          ; Windows 7 ; 6.1        ; x86_64         ;
+---------------------------+------------------+-----------+------------+----------------+


------------
; Flow Log ;
------------
quartus_map --read_settings_files=on --write_settings_files=off max_10_board_default -c max_10_board_top
quartus_fit --read_settings_files=off --write_settings_files=off max_10_board_default -c max_10_board_top
quartus_asm --read_settings_files=off --write_settings_files=off max_10_board_default -c max_10_board_top
quartus_pow --read_settings_files=off --write_settings_files=off max_10_board_default -c max_10_board_top
quartus_sta max_10_board_default -c max_10_board_top
quartus_eda --read_settings_files=off --write_settings_files=off max_10_board_default -c max_10_board_top



